<testsuites name="jest tests" tests="1" failures="0" time="0.864">
  <testsuite name="undefined" errors="0" failures="0" skipped="0" timestamp="2023-05-24T18:23:53" time="0.864" tests="1">
    <testcase classname=" renders without crashing" name=" renders without crashing" time="0.021">
    </testcase>
  </testsuite>
</testsuites>